<?xml version="1.0" encoding="UTF-8"?>
<testng-results ignored="0" total="1" passed="1" failed="0" skipped="0">
  <reporter-output>
  </reporter-output>
  <suite started-at="2025-04-13T16:44:09 GMT-05:00" name="Default suite" finished-at="2025-04-13T16:44:24 GMT-05:00" duration-ms="15561">
    <groups>
    </groups>
    <test started-at="2025-04-13T16:44:09 GMT-05:00" name="Default test" finished-at="2025-04-13T16:44:24 GMT-05:00" duration-ms="15561">
      <class name="selenium.assessment.loginPageTests">
        <test-method signature="basicTestScript()[pri:0, instance:selenium.assessment.loginPageTests@3857f613]" started-at="2025-04-13T16:44:09 GMT-05:00" name="basicTestScript" finished-at="2025-04-13T16:44:24 GMT-05:00" duration-ms="15452" status="PASS">
          <reporter-output>
          </reporter-output>
        </test-method> <!-- basicTestScript -->
      </class> <!-- selenium.assessment.loginPageTests -->
    </test> <!-- Default test -->
  </suite> <!-- Default suite -->
</testng-results>
